====================
gizenv is activated!
====================

GIZENV_ROOT=/home/b2dong/gizenv
GIZENV_LOCAL=/home/b2dong/gizenv/local
GIZENV_SYS=tscc
GIZENV_PKG=ahf fftw2 music

GIZENV_CC=icc
GIZENV_CXX=icpc
GIZENV_FC=ifort
GIZENV_LDSHARED=icc -shared

GIZENV_MPICC=mpicc
GIZENV_MPICXX=mpicxx
GIZENV_MPIFC=mpifort

GIZENV_CFLAGS=-Ofast
GIZENV_LDFLAGS=-Wl,-rpath,/home/b2dong/gizenv/local
GIZENV_OMPFLAGS=-openmp
GIZENV_MPIFLAGS=

GIZENV_FFTW2_INC=/home/b2dong/gizenv/local/include
GIZENV_FFTW2_LIB=/home/b2dong/gizenv/local/lib
GIZENV_FFTW3_INC=/opt/fftw/3.3.4/intel/openmpi_ib/include
GIZENV_FFTW3_LIB=/opt/fftw/3.3.4/intel/openmpi_ib/lib
GIZENV_GSL_INC=/opt/gsl/intel/include
GIZENV_GSL_LIB=/opt/gsl/intel/lib
GIZENV_HDF5_DIR=/opt/hdf5/intel/openmpi_ib
GIZENV_HDF5_INC=/opt/hdf5/intel/openmpi_ib/include -I/opt/openmpi/intel/ib/include
GIZENV_HDF5_LIB=/opt/hdf5/intel/openmpi_ib/lib
/home/b2dong/project/fire2-lbg/task/halo-sample
Thu Nov 29 19:05:18 PST 2018
--------------------------------------------------------------------------
WARNING: One or more nonexistent OpenFabrics devices/ports were
specified:

  Host:                 tscc-4-55
  MCA parameter:        mca_btl_if_include
  Nonexistent entities: mlx4_0:1

These entities will be ignored.  You can disable this warning by
setting the btl_openib_warn_nonexistent_if MCA parameter to 0.
--------------------------------------------------------------------------
yt : [INFO     ] 2018-11-29 19:05:25,609 Global parallel computation enabled: 7 / 16
yt : [INFO     ] 2018-11-29 19:05:25,609 Global parallel computation enabled: 4 / 16
yt : [INFO     ] 2018-11-29 19:05:25,609 Global parallel computation enabled: 5 / 16
yt : [INFO     ] 2018-11-29 19:05:25,610 Global parallel computation enabled: 6 / 16
yt : [INFO     ] 2018-11-29 19:05:25,613 Global parallel computation enabled: 0 / 16
yt : [INFO     ] 2018-11-29 19:05:25,613 Global parallel computation enabled: 2 / 16
yt : [INFO     ] 2018-11-29 19:05:25,613 Global parallel computation enabled: 3 / 16
yt : [INFO     ] 2018-11-29 19:05:25,613 Global parallel computation enabled: 1 / 16
yt : [INFO     ] 2018-11-29 19:05:25,616 Global parallel computation enabled: 12 / 16
yt : [INFO     ] 2018-11-29 19:05:25,616 Global parallel computation enabled: 13 / 16
yt : [INFO     ] 2018-11-29 19:05:25,616 Global parallel computation enabled: 14 / 16
yt : [INFO     ] 2018-11-29 19:05:25,617 Global parallel computation enabled: 15 / 16
yt : [INFO     ] 2018-11-29 19:05:25,609 Global parallel computation enabled: 11 / 16
yt : [INFO     ] 2018-11-29 19:05:25,609 Global parallel computation enabled: 9 / 16
yt : [INFO     ] 2018-11-29 19:05:25,609 Global parallel computation enabled: 10 / 16
yt : [INFO     ] 2018-11-29 19:05:25,610 Global parallel computation enabled: 8 / 16
P000 yt : [INFO     ] 2018-11-29 19:05:25,994 Calculating time from 3.333e-01 to be 1.032e+17 seconds
P000 yt : [INFO     ] 2018-11-29 19:05:25,995 Assuming length units are in kpc/h (comoving)
P000 yt : [INFO     ] 2018-11-29 19:05:26,026 Parameters: current_time              = 1.0317955332872987e+17 s
P000 yt : [INFO     ] 2018-11-29 19:05:26,027 Parameters: domain_dimensions         = [2 2 2]
P000 yt : [INFO     ] 2018-11-29 19:05:26,027 Parameters: domain_left_edge          = [0. 0. 0.]
P000 yt : [INFO     ] 2018-11-29 19:05:26,027 Parameters: domain_right_edge         = [58480. 58480. 58480.]
P000 yt : [INFO     ] 2018-11-29 19:05:26,027 Parameters: cosmological_simulation   = 1
P000 yt : [INFO     ] 2018-11-29 19:05:26,027 Parameters: current_redshift          = 2.0000003196611424
P000 yt : [INFO     ] 2018-11-29 19:05:26,027 Parameters: omega_lambda              = 0.69
P000 yt : [INFO     ] 2018-11-29 19:05:26,028 Parameters: omega_matter              = 0.31
P000 yt : [INFO     ] 2018-11-29 19:05:26,028 Parameters: hubble_constant           = 0.68
[tscc-4-51.sdsc.edu:02455] 15 more processes have sent help message help-mpi-btl-openib.txt / nonexistent port
[tscc-4-51.sdsc.edu:02455] Set MCA parameter "orte_base_help_aggregate" to 0 to see all help / error messages
823 candidates found.
P003 yt : [INFO     ] 2018-11-29 19:05:35,581 Allocating for 1.074e+09 particles (index particle type 'all')
P001 yt : [INFO     ] 2018-11-29 19:05:35,581 Allocating for 1.074e+09 particles (index particle type 'all')
P002 yt : [INFO     ] 2018-11-29 19:05:35,581 Allocating for 1.074e+09 particles (index particle type 'all')
P015 yt : [INFO     ] 2018-11-29 19:05:35,581 Allocating for 1.074e+09 particles (index particle type 'all')
P012 yt : [INFO     ] 2018-11-29 19:05:35,581 Allocating for 1.074e+09 particles (index particle type 'all')
P004 yt : [INFO     ] 2018-11-29 19:05:35,581 Allocating for 1.074e+09 particles (index particle type 'all')
P006 yt : [INFO     ] 2018-11-29 19:05:35,581 Allocating for 1.074e+09 particles (index particle type 'all')
P007 yt : [INFO     ] 2018-11-29 19:05:35,581 Allocating for 1.074e+09 particles (index particle type 'all')
P014 yt : [INFO     ] 2018-11-29 19:05:35,581 Allocating for 1.074e+09 particles (index particle type 'all')
P010 yt : [INFO     ] 2018-11-29 19:05:35,581 Allocating for 1.074e+09 particles (index particle type 'all')
P005 yt : [INFO     ] 2018-11-29 19:05:35,581 Allocating for 1.074e+09 particles (index particle type 'all')
P011 yt : [INFO     ] 2018-11-29 19:05:35,581 Allocating for 1.074e+09 particles (index particle type 'all')
P008 yt : [INFO     ] 2018-11-29 19:05:35,581 Allocating for 1.074e+09 particles (index particle type 'all')
P009 yt : [INFO     ] 2018-11-29 19:05:35,581 Allocating for 1.074e+09 particles (index particle type 'all')
P013 yt : [INFO     ] 2018-11-29 19:05:36,418 Allocating for 1.074e+09 particles (index particle type 'all')
P011 yt : [INFO     ] 2018-11-29 19:09:36,414 Identified 7.760e+07 octs
P009 yt : [INFO     ] 2018-11-29 19:09:36,558 Identified 7.760e+07 octs
P010 yt : [INFO     ] 2018-11-29 19:09:36,835 Identified 7.760e+07 octs
P008 yt : [INFO     ] 2018-11-29 19:09:36,965 Identified 7.760e+07 octs
P001 yt : [INFO     ] 2018-11-29 19:09:45,747 Identified 7.760e+07 octs
P002 yt : [INFO     ] 2018-11-29 19:09:45,826 Identified 7.760e+07 octs
P003 yt : [INFO     ] 2018-11-29 19:09:46,416 Identified 7.760e+07 octs
P007 yt : [INFO     ] 2018-11-29 19:09:52,914 Identified 7.760e+07 octs
P013 yt : [INFO     ] 2018-11-29 19:09:53,049 Identified 7.760e+07 octs
P015 yt : [INFO     ] 2018-11-29 19:09:53,374 Identified 7.760e+07 octs
P006 yt : [INFO     ] 2018-11-29 19:09:53,447 Identified 7.760e+07 octs
P014 yt : [INFO     ] 2018-11-29 19:09:53,677 Identified 7.760e+07 octs
P012 yt : [INFO     ] 2018-11-29 19:09:53,698 Identified 7.760e+07 octs
P004 yt : [INFO     ] 2018-11-29 19:09:53,730 Identified 7.760e+07 octs
P005 yt : [INFO     ] 2018-11-29 19:09:53,989 Identified 7.760e+07 octs
12
3
10
13
2
0
1
7
8
14
9
5
6
11
4
17
16
18
21
20
19
15
25
23
22
26
29
24
27
28
30
32
31
34
33
35
36
38
39
40
41
42
37
43
44
46
47
49
48
51
45
50
52
54
55
56
57
58
53
59
60
62
63
61
64
66
65
67
68
69
70
72
71
73
74
76
77
78
75
79
80
81
82
83
85
88
87
89
84
86
90
91
93
92
94
95
96
97
99
98
100
102
103
101
104
105
106
107
108
110
109
112
113
111
114
115
116
117
118
119
123
120
121
122
124
125
126
127
128
129
131
132
133
130
134
136
137
138
139
135
140
142
143
144
141
145
146
147
148
149
150
151
153
152
155
154
156
157
158
159
160
161
164
162
163
166
165
167
168
169
170
171
172
174
173
176
178
177
175
179
180
182
183
181
184
185
186
187
189
190
188
192
191
193
194
195
196
198
197
199
200
202
201
203
204
205
206
207
208
209
210
211
212
213
214
215
216
217
218
220
221
219
222
223
224
226
227
225
228
229
230
231
232
234
235
237
236
233
238
239
241
242
243
240
244
245
246
247
248
249
250
251
252
253
254
255
256
257
258
259
260
261
262
263
265
267
266
268
269
264
271
272
270
274
273
275
276
277
278
279
280
281
282
283
284
285
287
289
286
290
292
288
291
293
295
296
297
294
299
298
300
301
303
304
302
305
306
307
308
309
310
311
312
313
314
315
316
317
319
320
318
321
323
322
327
328
329
325
324
326
330
331
332
333
334
335
337
338
336
339
340
341
342
343
344
346
345
348
347
349
350
352
351
353
354
356
355
357
358
359
360
361
362
364
363
365
366
367
368
369
370
371
374
373
372
375
376
377
378
379
380
381
382
383
384
385
386
387
388
389
390
391
392
393
394
395
396
398
397
400
399
401
402
403
404
406
405
407
408
409
410
411
412
414
413
415
416
417
418
419
420
421
422
423
424
426
425
427
428
429
430
431
433
432
434
435
436
437
438
439
440
441
443
444
442
445
447
448
446
449
450
451
452
453
454
455
456
457
458
460
459
461
462
463
464
465
466
467
468
469
471
473
470
474
475
472
477
478
479
476
480
481
482
483
484
485
486
488
487
489
490
491
492
493
494
495
496
497
498
499
500
501
504
503
505
502
506
507
508
509
510
511
512
513
514
515
516
518
519
520
517
521
523
522
524
526
527
525
528
529
530
531
532
533
534
535
536
537
538
539
541
542
540
543
544
545
546
549
550
547
548
551
552
553
554
557
556
555
561
562
558
565
563
559
564
560
568
569
566
567
572
571
570
575
574
576
573
578
579
577
581
583
582
580
584
585
586
587
589
590
591
588
594
595
592
597
593
598
599
596
600
601
602
604
605
606
603
607
609
608
611
610
612
613
614
615
617
616
618
620
621
619
622
624
623
626
625
628
629
627
630
631
632
633
635
634
636
637
640
639
641
643
638
644
642
645
647
646
648
649
650
651
653
654
655
652
656
658
659
657
660
661
662
663
664
665
666
667
668
669
670
673
672
674
671
675
676
677
678
679
680
681
683
684
685
682
686
687
688
689
690
691
692
693
694
695
696
697
698
700
699
701
703
702
704
705
706
707
708
709
711
710
714
712
715
716
717
719
718
713
720
721
722
723
724
726
725
727
730
728
729
731
732
733
734
735
736
737
739
738
740
741
742
743
744
746
747
745
748
749
750
752
751
753
754
756
755
757
758
759
761
760
763
764
762
765
766
767
768
769
770
771
772
773
776
775
774
777
778
779
780
781
782
784
783
785
786
787
788
789
790
791
792
793
794
795
796
797
798
799
800
801
802
803
804
805
806
808
809
807
810
811
812
813
814
815
816
817
818
819
821
820
822
Thu Nov 29 20:39:39 PST 2018
Nodes:        tscc-4-51 tscc-4-55 tscc-4-58 tscc-4-59
