====================
gizenv is activated!
====================

GIZENV_ROOT=/home/b2dong/gizenv
GIZENV_LOCAL=/home/b2dong/gizenv/local
GIZENV_SYS=tscc
GIZENV_PKG=ahf fftw2 music

GIZENV_CC=icc
GIZENV_CXX=icpc
GIZENV_FC=ifort
GIZENV_LDSHARED=icc -shared

GIZENV_MPICC=mpicc
GIZENV_MPICXX=mpicxx
GIZENV_MPIFC=mpifort

GIZENV_CFLAGS=-Ofast
GIZENV_LDFLAGS=-Wl,-rpath,/home/b2dong/gizenv/local
GIZENV_OMPFLAGS=-openmp
GIZENV_MPIFLAGS=

GIZENV_FFTW2_INC=/home/b2dong/gizenv/local/include
GIZENV_FFTW2_LIB=/home/b2dong/gizenv/local/lib
GIZENV_FFTW3_INC=/opt/fftw/3.3.4/intel/openmpi_ib/include
GIZENV_FFTW3_LIB=/opt/fftw/3.3.4/intel/openmpi_ib/lib
GIZENV_GSL_INC=/opt/gsl/intel/include
GIZENV_GSL_LIB=/opt/gsl/intel/lib
GIZENV_HDF5_DIR=/opt/hdf5/intel/openmpi_ib
GIZENV_HDF5_INC=/opt/hdf5/intel/openmpi_ib/include -I/opt/openmpi/intel/ib/include
GIZENV_HDF5_LIB=/opt/hdf5/intel/openmpi_ib/lib
/home/b2dong/project/fire2-lbg/task/box/ahf
Tue Nov 27 06:56:05 PST 2018
[tscc-10-29][[4747,1],0][btl_tcp_component.c:667:mca_btl_tcp_component_create_instances] invalid interface "p3p1"
--------------------------------------------------------------------------
[[4747,1],0]: A high-performance Open MPI point-to-point messaging module
was unable to find any relevant network interfaces:

Module: OpenFabrics (openib)
  Host: tscc-10-29

Another transport will be used instead, although this may result in
lower performance.
--------------------------------------------------------------------------
yt : [INFO     ] 2018-11-27 06:56:08,790 Calculating time from 3.333e-01 to be 1.032e+17 seconds
yt : [INFO     ] 2018-11-27 06:56:08,790 Assuming length units are in kpc/h (comoving)
yt : [INFO     ] 2018-11-27 06:56:08,824 Parameters: current_time              = 1.0317955332872987e+17 s
yt : [INFO     ] 2018-11-27 06:56:08,824 Parameters: domain_dimensions         = [2 2 2]
yt : [INFO     ] 2018-11-27 06:56:08,825 Parameters: domain_left_edge          = [0. 0. 0.]
yt : [INFO     ] 2018-11-27 06:56:08,825 Parameters: domain_right_edge         = [58480. 58480. 58480.]
yt : [INFO     ] 2018-11-27 06:56:08,825 Parameters: cosmological_simulation   = 1
yt : [INFO     ] 2018-11-27 06:56:08,825 Parameters: current_redshift          = 2.0000003196611424
yt : [INFO     ] 2018-11-27 06:56:08,825 Parameters: omega_lambda              = 0.69
yt : [INFO     ] 2018-11-27 06:56:08,825 Parameters: omega_matter              = 0.31
yt : [INFO     ] 2018-11-27 06:56:08,825 Parameters: hubble_constant           = 0.68
yt : [INFO     ] 2018-11-27 06:56:08,879 Allocating for 1.074e+09 particles (index particle type 'all')
yt : [INFO     ] 2018-11-27 06:59:06,865 Identified 7.760e+07 octs
Tue Nov 27 07:12:12 PST 2018
Nodes:        tscc-10-29
